1
0.00000
0

16
0.00000
1
0.32440 0.20180 0.20640 0 0

8
0.00000
1
0.08430 0.20040 1.00000 0 0

8
0.00000
1
0.27430 1.00000 0.29350 0 0

4
0.00000
1
0.15530 1.00000 1.00000 0 0

16
3.10970
2
0.17560 0.29820 0.70640 0 0
0.22570 0.50000 0.79350 0 0

8
3.11292
2
0.17560 0.70180 0.70640 0 0
0.17560 0.70180 0.29360 0 0

4
3.11443
2
0.27430 1.00000 0.70650 0 0
0.27430 1.00000 0.29350 0 0

16
3.14223
2
0.91570 0.20040 1.00000 0 0
0.82440 0.29820 0.70640 0 0

8
3.16551
2
0.72570 1.00000 0.29350 0 0
0.84470 1.00000 0.00000 0 0

8
3.16845
2
0.84470 1.00000 1.00000 0 0
0.91570 1.20040 1.00000 0 0

4
3.20643
2
0.58430 0.29960 0.50000 0 0
0.41570 0.29960 0.50000 0 0

8
3.21586
2
0.17560 0.29820 0.29360 0 0
0.32440 0.20180 0.20640 0 0

4
4.42657
2
0.77430 0.50000 0.20650 0 0
0.77430 0.50000 0.79350 0 0

8
4.42808
2
0.67560 0.20180 0.20640 0 0
0.67560 0.20180 0.79360 0 0

16
4.59302
2
0.84470 1.00000 1.00000 0 0
0.67560 1.20180 1.20640 0 0

16
4.65993
2
0.27430 1.00000 0.70650 0 0
0.17560 1.29820 0.70640 0 0

16
4.82105
2
0.34470 0.50000 0.50000 0 0
0.32440 0.20180 0.79360 0 0

16
4.82425
2
0.67560 0.20180 0.20640 0 0
0.91570 0.20040 0.00000 0 0

16
4.84250
2
0.77430 0.50000 0.20650 0 0
0.82440 0.29820 0.70640 0 0

16
4.84367
2
0.17560 0.29820 0.29360 0 0
0.22570 0.50000 -0.20650 0 0

16
4.91182
2
0.17560 0.29820 0.70640 0 0
0.32440 0.20180 0.20640 0 0

16
5.11578
2
0.72570 1.00000 0.29350 0 0
0.91570 1.20040 0.00000 0 0

16
5.29331
2
0.77430 0.50000 0.79350 0 0
0.91570 0.20040 1.00000 0 0

8
5.38325
2
0.65530 0.50000 0.50000 0 0
0.41570 0.29960 0.50000 0 0

16
5.59372
2
0.41570 0.29960 0.50000 0 0
0.67560 0.20180 0.20640 0 0

16
5.60446
2
0.27430 1.00000 0.70650 0 0
0.17560 1.29820 0.29360 0 0

4
5.73264
2
0.58430 0.29960 0.50000 0 0
0.58430 0.70040 0.50000 0 0

8
5.77269
2
0.17560 0.70180 0.70640 0 0
0.17560 0.29820 0.70640 0 0

16
5.77479
2
0.91570 0.20040 1.00000 0 0
0.82440 0.29820 0.29360 0 0

8
5.78847
2
0.84470 1.00000 1.00000 0 0
0.72570 1.00000 1.70650 0 0

2
5.90699
2
0.34470 0.50000 0.50000 0 0
0.65530 0.50000 0.50000 0 0

16
6.42776
2
0.77430 0.50000 0.20650 0 0
0.67560 0.20180 0.79360 0 0

8
6.55853
2
0.17560 0.70180 0.70640 0 0
0.17560 0.29820 0.29360 0 0

4
6.56844
2
0.58430 0.29960 0.50000 0 0
0.41570 0.70040 0.50000 0 0

8
6.67912
2
0.32440 0.79820 0.79360 0 0
0.67560 0.79820 0.79360 0 0

16
6.83499
2
0.84470 1.00000 1.00000 0 0
0.82440 1.29820 0.29360 0 0

4
4.42657
3
0.77430 0.50000 0.20650 0 0
0.65530 0.50000 0.50000 0 0
0.77430 0.50000 0.79350 0 0

8
4.42808
3
0.67560 0.20180 0.20640 0 0
0.58430 0.29960 0.50000 0 0
0.67560 0.20180 0.79360 0 0

16
4.59302
3
0.84470 1.00000 1.00000 0 0
0.72570 1.00000 1.29350 0 0
0.67560 1.20180 1.20640 0 0

8
4.59302
3
0.84470 1.00000 1.00000 0 0
0.67560 1.20180 0.79360 0 0
0.67560 1.20180 1.20640 0 0

16
4.65993
3
0.27430 1.00000 0.70650 0 0
0.32440 1.20180 0.79360 0 0
0.17560 1.29820 0.70640 0 0

16
4.82105
3
0.34470 0.50000 0.50000 0 0
0.22570 0.50000 0.79350 0 0
0.32440 0.20180 0.79360 0 0

16
4.82105
3
0.34470 0.50000 0.50000 0 0
0.41570 0.29960 0.50000 0 0
0.32440 0.20180 0.79360 0 0

16
4.82105
3
0.34470 0.50000 0.50000 0 0
0.17560 0.29820 0.70640 0 0
0.32440 0.20180 0.79360 0 0

8
4.82105
3
0.34470 0.50000 0.50000 0 0
0.32440 0.20180 0.20640 0 0
0.32440 0.20180 0.79360 0 0

8
4.82425
3
0.67560 0.20180 0.20640 0 0
0.67560 0.20180 -0.20640 0 0
0.91570 0.20040 0.00000 0 0

16
4.82425
3
0.67560 0.20180 0.20640 0 0
0.82440 0.29820 0.29360 0 0
0.91570 0.20040 0.00000 0 0

16
4.82425
3
0.67560 0.20180 0.20640 0 0
0.84470 0.00000 0.00000 0 0
0.91570 0.20040 0.00000 0 0

16
4.84250
3
0.77430 0.50000 0.20650 0 0
0.82440 0.29820 0.29360 0 0
0.82440 0.29820 0.70640 0 0

16
4.84250
3
0.77430 0.50000 0.20650 0 0
0.65530 0.50000 0.50000 0 0
0.82440 0.29820 0.70640 0 0

16
4.84250
3
0.77430 0.50000 0.20650 0 0
0.77430 0.50000 0.79350 0 0
0.82440 0.29820 0.70640 0 0

16
4.84367
3
0.17560 0.29820 0.29360 0 0
0.22570 0.50000 0.20650 0 0
0.22570 0.50000 -0.20650 0 0

16
4.84367
3
0.17560 0.29820 0.29360 0 0
0.17560 0.29820 -0.29360 0 0
0.22570 0.50000 -0.20650 0 0

16
4.91182
3
0.17560 0.29820 0.70640 0 0
0.17560 0.29820 0.29360 0 0
0.32440 0.20180 0.20640 0 0

16
4.91182
3
0.17560 0.29820 0.70640 0 0
0.32440 0.20180 0.79360 0 0
0.32440 0.20180 0.20640 0 0

16
4.91182
3
0.17560 0.29820 0.70640 0 0
0.34470 0.50000 0.50000 0 0
0.32440 0.20180 0.20640 0 0

16
4.91182
3
0.17560 0.29820 0.70640 0 0
0.27430 -0.00000 0.70650 0 0
0.32440 0.20180 0.20640 0 0

16
4.91182
3
0.17560 0.29820 0.70640 0 0
0.41570 0.29960 0.50000 0 0
0.32440 0.20180 0.20640 0 0

16
4.91182
3
0.17560 0.29820 0.70640 0 0
0.22570 0.50000 0.20650 0 0
0.32440 0.20180 0.20640 0 0

16
5.11578
3
0.72570 1.00000 0.29350 0 0
0.67560 1.20180 0.20640 0 0
0.91570 1.20040 0.00000 0 0

16
5.11578
3
0.72570 1.00000 0.29350 0 0
0.84470 1.00000 0.00000 0 0
0.91570 1.20040 0.00000 0 0

8
5.11578
3
0.72570 1.00000 0.29350 0 0
0.72570 1.00000 -0.29350 0 0
0.91570 1.20040 0.00000 0 0

16
5.11578
3
0.72570 1.00000 0.29350 0 0
0.82440 1.29820 0.29360 0 0
0.91570 1.20040 0.00000 0 0

16
5.11578
3
0.72570 1.00000 0.29350 0 0
0.67560 1.20180 -0.20640 0 0
0.91570 1.20040 0.00000 0 0

16
5.29331
3
0.77430 0.50000 0.79350 0 0
0.82440 0.29820 0.70640 0 0
0.91570 0.20040 1.00000 0 0

8
5.29331
3
0.77430 0.50000 0.79350 0 0
0.77430 0.50000 1.20650 0 0
0.91570 0.20040 1.00000 0 0

16
5.29331
3
0.77430 0.50000 0.79350 0 0
0.67560 0.20180 0.79360 0 0
0.91570 0.20040 1.00000 0 0

16
5.29331
3
0.77430 0.50000 0.79350 0 0
0.82440 0.29820 1.29360 0 0
0.91570 0.20040 1.00000 0 0

8
5.38325
3
0.65530 0.50000 0.50000 0 0
0.58430 0.29960 0.50000 0 0
0.41570 0.29960 0.50000 0 0

16
5.59372
3
0.41570 0.29960 0.50000 0 0
0.58430 0.29960 0.50000 0 0
0.67560 0.20180 0.20640 0 0

16
5.59372
3
0.41570 0.29960 0.50000 0 0
0.65530 0.50000 0.50000 0 0
0.67560 0.20180 0.20640 0 0

8
5.59372
3
0.41570 0.29960 0.50000 0 0
0.67560 0.20180 0.79360 0 0
0.67560 0.20180 0.20640 0 0

16
5.60446
3
0.27430 1.00000 0.70650 0 0
0.32440 1.20180 0.79360 0 0
0.17560 1.29820 0.29360 0 0

16
5.60446
3
0.27430 1.00000 0.70650 0 0
0.27430 1.00000 0.29350 0 0
0.17560 1.29820 0.29360 0 0

16
5.60446
3
0.27430 1.00000 0.70650 0 0
0.17560 1.29820 0.70640 0 0
0.17560 1.29820 0.29360 0 0

16
5.60446
3
0.27430 1.00000 0.70650 0 0
0.32440 1.20180 0.20640 0 0
0.17560 1.29820 0.29360 0 0

16
5.60446
3
0.27430 1.00000 0.70650 0 0
0.41570 1.29960 0.50000 0 0
0.17560 1.29820 0.29360 0 0

4
5.73264
3
0.58430 0.29960 0.50000 0 0
0.65530 0.50000 0.50000 0 0
0.58430 0.70040 0.50000 0 0

8
5.73264
3
0.58430 0.29960 0.50000 0 0
0.77430 0.50000 0.20650 0 0
0.58430 0.70040 0.50000 0 0

4
5.73264
3
0.58430 0.29960 0.50000 0 0
0.34470 0.50000 0.50000 0 0
0.58430 0.70040 0.50000 0 0

8
5.77269
3
0.17560 0.70180 0.70640 0 0
0.22570 0.50000 0.79350 0 0
0.17560 0.29820 0.70640 0 0

8
5.77269
3
0.17560 0.70180 0.70640 0 0
0.34470 0.50000 0.50000 0 0
0.17560 0.29820 0.70640 0 0

8
5.77269
3
0.17560 0.70180 0.70640 0 0
0.22570 0.50000 0.20650 0 0
0.17560 0.29820 0.70640 0 0

8
5.77269
3
0.17560 0.70180 0.70640 0 0
0.22570 0.50000 1.20650 0 0
0.17560 0.29820 0.70640 0 0

16
5.77479
3
0.91570 0.20040 1.00000 0 0
0.82440 0.29820 0.70640 0 0
0.82440 0.29820 0.29360 0 0

16
5.77479
3
0.91570 0.20040 1.00000 0 0
0.67560 0.20180 0.79360 0 0
0.82440 0.29820 0.29360 0 0

16
5.77479
3
0.91570 0.20040 1.00000 0 0
0.72570 -0.00000 0.70650 0 0
0.82440 0.29820 0.29360 0 0

16
5.77479
3
0.91570 0.20040 1.00000 0 0
0.77430 0.50000 0.79350 0 0
0.82440 0.29820 0.29360 0 0

8
5.78847
3
0.84470 1.00000 1.00000 0 0
0.72570 1.00000 1.29350 0 0
0.72570 1.00000 1.70650 0 0

16
5.78847
3
0.84470 1.00000 1.00000 0 0
0.67560 0.79820 1.20640 0 0
0.72570 1.00000 1.70650 0 0

16
5.78847
3
0.84470 1.00000 1.00000 0 0
0.82440 0.70180 1.29360 0 0
0.72570 1.00000 1.70650 0 0

8
5.90699
3
0.34470 0.50000 0.50000 0 0
0.41570 0.29960 0.50000 0 0
0.65530 0.50000 0.50000 0 0

16
6.42776
3
0.77430 0.50000 0.20650 0 0
0.82440 0.29820 0.29360 0 0
0.67560 0.20180 0.79360 0 0

16
6.42776
3
0.77430 0.50000 0.20650 0 0
0.65530 0.50000 0.50000 0 0
0.67560 0.20180 0.79360 0 0

16
6.42776
3
0.77430 0.50000 0.20650 0 0
0.77430 0.50000 0.79350 0 0
0.67560 0.20180 0.79360 0 0

16
6.42776
3
0.77430 0.50000 0.20650 0 0
0.67560 0.20180 0.20640 0 0
0.67560 0.20180 0.79360 0 0

16
6.42776
3
0.77430 0.50000 0.20650 0 0
0.82440 0.29820 0.70640 0 0
0.67560 0.20180 0.79360 0 0

16
6.42776
3
0.77430 0.50000 0.20650 0 0
0.58430 0.29960 0.50000 0 0
0.67560 0.20180 0.79360 0 0

16
6.55853
3
0.17560 0.70180 0.70640 0 0
0.22570 0.50000 0.79350 0 0
0.17560 0.29820 0.29360 0 0

16
6.55853
3
0.17560 0.70180 0.70640 0 0
0.17560 0.70180 0.29360 0 0
0.17560 0.29820 0.29360 0 0

8
6.55853
3
0.17560 0.70180 0.70640 0 0
0.34470 0.50000 0.50000 0 0
0.17560 0.29820 0.29360 0 0

8
6.56844
3
0.58430 0.29960 0.50000 0 0
0.65530 0.50000 0.50000 0 0
0.41570 0.70040 0.50000 0 0

8
6.56844
3
0.58430 0.29960 0.50000 0 0
0.41570 0.29960 0.50000 0 0
0.41570 0.70040 0.50000 0 0

16
6.67912
3
0.32440 0.79820 0.79360 0 0
0.41570 0.70040 0.50000 0 0
0.67560 0.79820 0.79360 0 0

16
6.83499
3
0.84470 1.00000 1.00000 0 0
0.72570 1.00000 0.70650 0 0
0.82440 1.29820 0.29360 0 0

16
6.83499
3
0.84470 1.00000 1.00000 0 0
0.91570 1.20040 1.00000 0 0
0.82440 1.29820 0.29360 0 0

16
6.83499
3
0.84470 1.00000 1.00000 0 0
0.67560 1.20180 0.79360 0 0
0.82440 1.29820 0.29360 0 0

16
6.83499
3
0.84470 1.00000 1.00000 0 0
0.82440 1.29820 0.70640 0 0
0.82440 1.29820 0.29360 0 0

16
6.83499
3
0.84470 1.00000 1.00000 0 0
0.72570 1.00000 0.29350 0 0
0.82440 1.29820 0.29360 0 0

