1
0.00000
0

36
0.00000
1
0.66697 0.10693 0.22823 0 0

18
3.09192
2
0.33363 0.89337 0.56157 0 0
0.55973 0.89337 0.56157 0 0

18
3.10403
2
0.56003 0.89307 0.77177 0 0
0.55973 0.89337 0.56157 0 0

18
3.10422
2
1.00030 0.22670 0.89490 0 0
0.77330 -0.00030 0.89490 0 0

18
3.11213
2
0.99970 0.22640 0.10510 0 0
0.89307 0.33303 0.22823 0 0

36
4.38555
2
0.77360 0.77330 0.10510 0 0
1.00030 0.77360 -0.10510 0 0

18
4.38694
2
0.44027 0.10663 0.43843 0 0
0.55973 -0.10663 0.56157 0 0

36
5.36602
2
0.89337 0.55973 0.43843 0 0
0.44027 0.33363 0.43843 0 0

36
5.53411
2
0.89307 0.33303 0.22823 0 0
1.00030 0.22670 -0.10510 0 0

36
5.73597
2
0.89307 0.33303 0.22823 0 0
1.22670 0.22640 0.10510 0 0

18
6.19605
2
0.56003 0.66697 0.77177 0 0
0.33363 0.89337 0.56157 0 0

18
6.19614
2
0.22640 0.99970 0.89490 0 0
-0.22670 0.99970 0.89490 0 0

