1
0.00000
0

4
0.00000
1
1.00000 1.00000 1.00000 0 0

8
5.00000
2
1.00000 1.00000 1.00000 0 0
0.50000 1.00000 1.00000 0 0

8
7.07107
2
0.50000 1.00000 1.00000 0 0
1.00000 0.50000 1.00000 0 0

8
10.00000
2
0.50000 0.50000 1.00000 0 0
0.50000 -0.50000 1.00000 0 0

16
11.18034
2
0.50000 0.50000 1.00000 0 0
-0.50000 -0.00000 1.00000 0 0

8
14.14214
2
0.50000 0.50000 1.00000 0 0
-0.50000 -0.50000 1.00000 0 0

8
15.00000
2
1.00000 1.00000 1.00000 0 0
-0.50000 1.00000 1.00000 0 0

16
15.81139
2
1.00000 0.50000 1.00000 0 0
-0.50000 -0.00000 1.00000 0 0

16
18.02776
2
0.50000 0.50000 1.00000 0 0
-0.50000 -1.00000 1.00000 0 0

8
20.00000
2
0.50000 0.50000 1.00000 0 0
0.50000 -1.50000 1.00000 0 0

