36
1.00000 0.00000 0.00000 
0.00000 1.00000 -0.00000 
0.00000 0.00000 1.00000 

0.00000 0.00000 0.00000

-1.00000 1.00000 0.00000 
0.00000 1.00000 -0.00000 
0.00000 0.00000 1.00000 

1.00000 0.00000 0.00000

1.00000 0.00000 0.00000 
0.00000 1.00000 -0.00000 
0.00000 0.00000 1.00000 

-0.33333 0.33333 0.33333

-1.00000 1.00000 0.00000 
0.00000 1.00000 -0.00000 
0.00000 0.00000 1.00000 

0.66667 0.33333 0.33333

1.00000 -1.00000 0.00000 
1.00000 0.00000 0.00000 
0.00000 0.00000 -1.00000 

-0.33333 0.33333 1.33333

-1.00000 0.00000 -0.00000 
-1.00000 1.00000 -0.00000 
0.00000 0.00000 -1.00000 

0.66667 1.33333 1.33333

1.00000 -1.00000 0.00000 
1.00000 0.00000 0.00000 
0.00000 0.00000 -1.00000 

0.33333 -0.33333 0.66667

-1.00000 0.00000 -0.00000 
-1.00000 1.00000 -0.00000 
0.00000 0.00000 -1.00000 

1.33333 0.66667 0.66667

1.00000 -1.00000 0.00000 
1.00000 0.00000 0.00000 
0.00000 0.00000 -1.00000 

-0.00000 0.00000 1.00000

-1.00000 0.00000 -0.00000 
-1.00000 1.00000 -0.00000 
0.00000 0.00000 -1.00000 

1.00000 1.00000 1.00000

1.00000 -1.00000 -0.00000 
0.00000 -1.00000 0.00000 
0.00000 0.00000 -1.00000 

-0.33333 0.33333 1.33333

-1.00000 -0.00000 -0.00000 
0.00000 -1.00000 0.00000 
0.00000 0.00000 -1.00000 

0.66667 0.33333 1.33333

1.00000 0.00000 0.00000 
0.00000 1.00000 -0.00000 
0.00000 0.00000 1.00000 

0.33333 0.66667 -0.33333

-1.00000 1.00000 0.00000 
0.00000 1.00000 -0.00000 
0.00000 0.00000 1.00000 

1.33333 0.66667 -0.33333

1.00000 -1.00000 -0.00000 
0.00000 -1.00000 0.00000 
0.00000 0.00000 -1.00000 

-0.00000 1.00000 1.00000

-1.00000 -0.00000 -0.00000 
0.00000 -1.00000 0.00000 
0.00000 0.00000 -1.00000 

1.00000 1.00000 1.00000

0.00000 1.00000 -0.00000 
1.00000 0.00000 0.00000 
0.00000 0.00000 -1.00000 

0.66667 0.33333 1.33333

-0.00000 1.00000 -0.00000 
-1.00000 1.00000 -0.00000 
0.00000 0.00000 -1.00000 

0.66667 1.33333 1.33333

0.00000 1.00000 -0.00000 
1.00000 0.00000 0.00000 
0.00000 0.00000 -1.00000 

0.33333 -0.33333 0.66667

-0.00000 1.00000 -0.00000 
-1.00000 1.00000 -0.00000 
0.00000 0.00000 -1.00000 

0.33333 0.66667 0.66667

0.00000 1.00000 -0.00000 
1.00000 0.00000 0.00000 
0.00000 0.00000 -1.00000 

0.00000 0.00000 1.00000

-0.00000 1.00000 -0.00000 
-1.00000 1.00000 -0.00000 
0.00000 0.00000 -1.00000 

-0.00000 1.00000 1.00000

0.00000 -1.00000 0.00000 
1.00000 -1.00000 0.00000 
0.00000 0.00000 1.00000 

0.33333 -0.33333 -0.33333

-0.00000 -1.00000 0.00000 
-1.00000 0.00000 0.00000 
0.00000 0.00000 1.00000 

0.33333 0.66667 -0.33333

0.00000 -1.00000 0.00000 
1.00000 -1.00000 0.00000 
0.00000 0.00000 1.00000 

1.00000 -0.00000 0.00000

-0.00000 -1.00000 0.00000 
-1.00000 0.00000 0.00000 
0.00000 0.00000 1.00000 

1.00000 1.00000 0.00000

0.00000 -1.00000 0.00000 
1.00000 -1.00000 0.00000 
0.00000 0.00000 1.00000 

0.66667 0.33333 0.33333

-0.00000 -1.00000 0.00000 
-1.00000 0.00000 0.00000 
0.00000 0.00000 1.00000 

0.66667 1.33333 0.33333

1.00000 -0.00000 0.00000 
1.00000 -1.00000 0.00000 
0.00000 0.00000 1.00000 

-0.33333 0.33333 0.33333

-1.00000 1.00000 -0.00000 
-1.00000 0.00000 0.00000 
0.00000 0.00000 1.00000 

0.66667 1.33333 0.33333

1.00000 -0.00000 0.00000 
1.00000 -1.00000 0.00000 
0.00000 0.00000 1.00000 

-0.00000 -0.00000 0.00000

-1.00000 1.00000 -0.00000 
-1.00000 0.00000 0.00000 
0.00000 0.00000 1.00000 

1.00000 1.00000 0.00000

1.00000 -1.00000 -0.00000 
0.00000 -1.00000 0.00000 
0.00000 0.00000 -1.00000 

0.33333 0.66667 0.66667

-1.00000 -0.00000 -0.00000 
0.00000 -1.00000 0.00000 
0.00000 0.00000 -1.00000 

1.33333 0.66667 0.66667

1.00000 -0.00000 0.00000 
1.00000 -1.00000 0.00000 
0.00000 0.00000 1.00000 

0.33333 -0.33333 -0.33333

-1.00000 1.00000 -0.00000 
-1.00000 0.00000 0.00000 
0.00000 0.00000 1.00000 

1.33333 0.66667 -0.33333

