1
0.00000
0

32
0.00000
1
0.32440 0.20180 0.10320 0 0

16
0.00000
1
0.08430 0.20040 1.00000 0 0

16
0.00000
1
0.27430 1.00000 0.14675 0 0

8
0.00000
1
0.15530 1.00000 1.00000 0 0

32
3.10970
2
0.17560 0.29820 0.35320 0 0
0.22570 0.50000 0.39675 0 0

16
3.11292
2
0.82440 0.70180 0.64680 0 0
0.82440 0.70180 0.85320 0 0

8
3.11443
2
0.27430 1.00000 0.85325 0 0
0.27430 1.00000 0.64675 0 0

32
3.14223
2
0.91570 0.79960 1.00000 0 0
0.82440 0.70180 1.14680 0 0

16
3.16551
2
0.84470 1.00000 1.00000 0 0
0.72570 1.00000 1.14675 0 0

16
3.16845
2
0.84470 1.00000 0.50000 0 0
0.91570 1.20040 0.50000 0 0

8
3.20643
2
0.41570 0.70040 0.75000 0 0
0.58430 0.70040 0.75000 0 0

16
3.21586
2
0.17560 0.29820 0.14680 0 0
0.32440 0.20180 0.10320 0 0

8
4.42657
2
0.77430 0.50000 0.10325 0 0
0.77430 0.50000 0.39675 0 0

16
4.42808
2
0.82440 0.70180 0.64680 0 0
0.82440 0.70180 0.35320 0 0

32
4.59302
2
0.67560 0.20180 0.10320 0 0
0.84470 0.00000 0.00000 0 0

32
4.65993
2
0.22570 0.50000 0.89675 0 0
0.32440 0.79820 0.89680 0 0

32
4.82105
2
0.34470 0.50000 0.75000 0 0
0.32440 0.79820 0.89680 0 0

32
4.82425
2
0.91570 0.79960 1.00000 0 0
0.67560 0.79820 1.10320 0 0

32
4.84250
2
0.22570 0.50000 0.60325 0 0
0.17560 0.29820 0.85320 0 0

32
4.84367
2
0.77430 0.50000 0.60325 0 0
0.82440 0.70180 0.35320 0 0

32
4.91182
2
0.17560 0.29820 0.85320 0 0
0.32440 0.20180 0.60320 0 0

32
5.11578
2
0.72570 1.00000 0.14675 0 0
0.91570 1.20040 0.00000 0 0

32
5.29331
2
0.91570 0.20040 1.00000 0 0
0.77430 0.50000 1.10325 0 0

16
5.38325
2
0.34470 0.50000 0.75000 0 0
0.58430 0.29960 0.75000 0 0

32
5.59372
2
0.41570 0.70040 0.75000 0 0
0.67560 0.79820 0.89680 0 0

32
5.60446
2
0.27430 1.00000 0.85325 0 0
0.17560 1.29820 0.64680 0 0

8
5.73264
2
0.41570 0.29960 0.75000 0 0
0.41570 0.70040 0.75000 0 0

16
5.77269
2
0.82440 0.70180 0.64680 0 0
0.82440 0.29820 0.64680 0 0

32
5.77479
2
0.91570 0.79960 0.50000 0 0
0.82440 0.70180 0.85320 0 0

16
5.78847
2
0.84470 1.00000 1.00000 0 0
0.72570 1.00000 1.35325 0 0

4
5.90699
2
0.34470 0.50000 0.75000 0 0
0.65530 0.50000 0.75000 0 0

32
6.42776
2
0.27430 1.00000 0.35325 0 0
0.17560 1.29820 0.64680 0 0

16
6.55853
2
0.82440 0.70180 0.64680 0 0
0.82440 0.29820 0.85320 0 0

8
6.56844
2
0.58430 0.29960 0.75000 0 0
0.41570 0.70040 0.75000 0 0

16
6.67912
2
0.32440 0.20180 0.89680 0 0
0.67560 0.20180 0.89680 0 0

32
6.83499
2
0.84470 1.00000 0.50000 0 0
0.82440 1.29820 0.85320 0 0

32
7.04678
2
0.72570 1.00000 0.85325 0 0
0.91570 1.20040 0.50000 0 0

16
7.24076
2
0.77430 0.50000 0.10325 0 0
0.72570 -0.00000 0.14675 0 0

16
7.27543
2
0.82440 0.29820 0.64680 0 0
0.82440 0.70180 0.35320 0 0

16
7.36892
2
0.67560 0.79820 0.60320 0 0
0.32440 0.79820 0.39680 0 0

32
7.38160
2
0.67560 0.20180 0.39680 0 0
0.84470 0.00000 0.00000 0 0

32
7.40029
2
0.41570 0.70040 0.75000 0 0
0.67560 0.79820 0.39680 0 0

32
7.44053
2
0.77430 0.50000 0.10325 0 0
0.84470 0.00000 0.00000 0 0

32
7.45289
2
0.27430 1.00000 0.35325 0 0
0.58430 1.29960 0.25000 0 0

16
7.48012
2
0.91570 0.79960 1.00000 0 0
0.58430 0.70040 1.25000 0 0

32
7.50774
2
0.41570 0.29960 0.75000 0 0
0.17560 0.70180 0.85320 0 0

32
7.52534
2
0.17560 0.29820 0.85320 0 0
0.22570 0.50000 0.39675 0 0

32
7.52765
2
0.67560 0.20180 0.39680 0 0
0.91570 0.20040 0.00000 0 0

16
7.54100
2
0.27430 1.00000 0.85325 0 0
0.27430 1.00000 0.35325 0 0

32
7.54100
2
0.17560 0.29820 0.85320 0 0
0.17560 0.29820 0.35320 0 0

8
7.54100
2
0.84470 1.00000 1.00000 0 0
0.84470 1.00000 1.50000 0 0

16
7.54100
2
0.91570 0.79960 1.00000 0 0
0.91570 0.79960 1.50000 0 0

32
7.55676
2
0.58430 0.29960 0.25000 0 0
0.84470 0.00000 0.00000 0 0

16
7.56907
2
0.17560 0.29820 0.85320 0 0
0.32440 0.20180 0.39680 0 0

32
7.66647
2
0.41570 0.29960 0.75000 0 0
0.32440 0.79820 0.89680 0 0

32
7.70374
2
0.82440 0.70180 0.14680 0 0
0.91570 0.20040 0.00000 0 0

32
7.71910
2
0.32440 0.79820 0.89680 0 0
0.17560 0.29820 0.85320 0 0

32
7.72171
2
0.22570 0.50000 0.89675 0 0
0.58430 0.29960 0.75000 0 0

32
7.83581
2
0.91570 0.20040 1.00000 0 0
0.77430 0.50000 1.39675 0 0

32
7.91808
2
0.34470 0.50000 0.75000 0 0
0.67560 0.79820 0.89680 0 0

32
7.92699
2
0.58430 0.29960 0.75000 0 0
0.17560 0.29820 0.85320 0 0

16
8.01365
2
0.32440 0.20180 0.89680 0 0
0.67560 0.20180 0.60320 0 0

32
8.13725
2
0.72570 1.00000 0.14675 0 0
0.77430 1.50000 -0.10325 0 0

32
8.17959
2
0.15530 1.00000 1.00000 0 0
0.08430 1.20040 1.50000 0 0

32
8.18588
2
0.82440 0.29820 0.35320 0 0
1.22570 0.50000 0.39675 0 0

16
8.19438
2
0.41570 0.29960 0.75000 0 0
0.58430 0.29960 0.25000 0 0

16
8.46461
2
0.34470 0.50000 0.75000 0 0
0.77430 0.50000 0.60325 0 0

16
8.53031
2
0.32440 0.20180 0.89680 0 0
0.32440 0.79820 0.89680 0 0

32
8.56556
2
0.32440 0.79820 0.89680 0 0
0.17560 0.29820 0.64680 0 0

32
8.56556
2
0.17560 0.29820 0.14680 0 0
0.32440 0.79820 -0.10320 0 0

8
8.57036
2
0.91570 0.79960 0.50000 0 0
0.91570 0.20040 0.50000 0 0

8
8.58473
2
0.27430 1.00000 0.85325 0 0
0.72570 1.00000 0.85325 0 0

32
8.74317
2
0.32440 0.20180 0.89680 0 0
0.27430 -0.00000 0.35325 0 0

16
8.78214
2
0.32440 0.20180 0.89680 0 0
0.17560 0.29820 0.35320 0 0

16
8.82806
2
0.17560 0.70180 0.64680 0 0
-0.17560 0.29820 0.64680 0 0

16
8.85071
2
0.65530 0.50000 0.25000 0 0
0.84470 0.00000 0.00000 0 0

32
8.86399
2
0.17560 0.29820 0.85320 0 0
0.27430 -0.00000 0.35325 0 0

32
8.86527
2
0.27430 1.00000 0.85325 0 0
0.17560 1.29820 0.35320 0 0

32
8.95494
2
0.41570 0.29960 0.75000 0 0
0.67560 0.79820 0.89680 0 0

32
8.98687
2
0.08430 0.79960 0.50000 0 0
-0.17560 0.29820 0.64680 0 0

32
8.98823
2
0.82440 0.29820 0.14680 0 0
1.22570 0.50000 0.39675 0 0

32
8.98886
2
0.82440 0.29820 0.64680 0 0
1.22570 0.50000 0.39675 0 0

32
9.06914
2
0.58430 0.29960 0.25000 0 0
0.67560 0.79820 -0.10320 0 0

16
9.08055
2
0.67560 0.20180 0.10320 0 0
0.67560 0.79820 -0.10320 0 0

32
9.10067
2
0.82440 0.70180 0.35320 0 0
0.91570 0.20040 0.00000 0 0

32
9.11651
2
0.22570 0.50000 0.60325 0 0
0.58430 0.70040 0.25000 0 0

8
9.13221
2
0.27430 1.00000 0.85325 0 0
0.72570 1.00000 0.64675 0 0

8
9.15053
2
0.41570 0.70040 0.25000 0 0
0.58430 1.29960 0.25000 0 0

32
9.26532
2
0.41570 0.29960 0.75000 0 0
0.65530 0.50000 0.25000 0 0

32
9.28281
2
0.32440 0.79820 0.60320 0 0
0.65530 0.50000 0.25000 0 0

16
9.36082
2
0.17560 0.70180 0.64680 0 0
-0.17560 0.29820 0.85320 0 0

32
9.42031
2
0.77430 0.50000 0.39675 0 0
0.84470 0.00000 0.00000 0 0

32
9.43007
2
0.27430 1.00000 0.64675 0 0
0.58430 1.29960 0.25000 0 0

16
9.47259
2
0.91570 0.79960 0.50000 0 0
0.91570 1.20040 0.00000 0 0

32
9.47408
2
0.67560 0.20180 0.39680 0 0
0.91570 -0.20040 0.00000 0 0

32
9.49688
2
0.17560 0.29820 0.85320 0 0
0.17560 0.70180 0.35320 0 0

32
9.56034
2
0.77430 0.50000 0.60325 0 0
0.32440 0.79820 0.60320 0 0

8
9.57910
2
0.34470 0.50000 0.75000 0 0
0.65530 0.50000 0.25000 0 0

16
9.61114
2
0.32440 0.79820 0.89680 0 0
0.32440 0.20180 0.60320 0 0

32
9.63092
2
0.17560 0.70180 0.64680 0 0
0.67560 0.79820 0.60320 0 0

8
9.65878
2
0.27430 1.00000 0.64675 0 0
0.72570 1.00000 0.35325 0 0

32
9.69441
2
0.65530 0.50000 0.75000 0 0
0.17560 0.70180 0.64680 0 0

16
9.75375
2
0.22570 0.50000 0.60325 0 0
0.65530 0.50000 0.25000 0 0

32
9.79438
2
0.58430 0.29960 0.75000 0 0
0.17560 0.70180 0.64680 0 0

32
9.80965
2
0.58430 0.29960 0.75000 0 0
0.17560 0.29820 0.35320 0 0

32
9.81739
2
0.67560 0.79820 0.89680 0 0
0.91570 0.20040 1.00000 0 0

16
9.87636
2
0.17560 0.70180 0.35320 0 0
-0.17560 0.29820 0.64680 0 0

32
9.95712
2
0.41570 0.29960 0.25000 0 0
0.84470 0.00000 0.00000 0 0

16
9.96998
2
0.22570 0.50000 0.39675 0 0
0.27430 -0.00000 0.85325 0 0

16
10.00055
2
0.41570 0.29960 0.75000 0 0
0.58430 0.70040 0.25000 0 0

32
10.00662
2
0.82440 0.70180 0.64680 0 0
0.91570 0.79960 0.00000 0 0

16
10.01338
2
0.72570 1.00000 0.64675 0 0
0.84470 1.00000 0.00000 0 0

32
10.05460
2
0.77430 0.50000 0.60325 0 0
0.32440 0.79820 0.39680 0 0

32
10.07160
2
0.67560 0.20180 0.60320 0 0
0.84470 0.00000 0.00000 0 0

32
10.07360
2
0.32440 0.20180 0.89680 0 0
0.67560 0.20180 0.39680 0 0

32
10.17913
2
0.67560 0.79820 0.60320 0 0
0.91570 0.79960 0.00000 0 0

32
10.18163
2
0.41570 0.29960 0.25000 0 0
0.67560 0.79820 -0.10320 0 0

32
10.20972
2
0.08430 0.20040 0.50000 0 0
-0.17560 0.70180 0.85320 0 0

32
10.21184
2
0.82440 0.70180 0.64680 0 0
0.72570 -0.00000 0.64675 0 0

32
10.25100
2
0.58430 0.29960 0.25000 0 0
0.91570 -0.20040 0.00000 0 0

32
10.28637
2
0.84470 1.00000 1.00000 0 0
0.82440 1.70180 1.14680 0 0

32
10.29909
2
0.27430 1.00000 0.85325 0 0
0.65530 1.50000 0.75000 0 0

32
10.32152
2
0.17560 0.29820 0.85320 0 0
0.32440 0.79820 0.39680 0 0

32
10.32177
2
0.67560 0.79820 0.60320 0 0
0.17560 0.70180 0.35320 0 0

32
10.32177
2
0.17560 0.70180 0.64680 0 0
0.67560 0.79820 0.89680 0 0

32
10.32719
2
0.91570 0.79960 1.00000 0 0
0.41570 0.70040 1.25000 0 0

32
10.41018
2
0.91570 0.20040 1.00000 0 0
0.77430 0.50000 1.60325 0 0

32
10.42429
2
0.32440 0.20180 0.10320 0 0
0.84470 0.00000 0.00000 0 0

8
10.43327
2
0.77430 0.50000 0.60325 0 0
0.22570 0.50000 0.60325 0 0

32
10.48872
2
0.27430 1.00000 0.85325 0 0
0.41570 1.70040 0.75000 0 0

32
10.53571
2
0.77430 0.50000 0.60325 0 0
0.32440 0.20180 0.89680 0 0

32
10.65370
2
0.32440 0.20180 0.89680 0 0
0.34470 0.50000 0.25000 0 0

16
10.65392
2
0.17560 0.29820 0.85320 0 0
0.17560 0.29820 0.14680 0 0

8
10.65543
2
0.27430 1.00000 0.85325 0 0
0.27430 1.00000 0.14675 0 0

32
10.67563
2
0.82440 0.29820 0.85320 0 0
1.22570 0.50000 0.39675 0 0

32
10.67599
2
0.82440 0.70180 0.64680 0 0
0.72570 -0.00000 0.85325 0 0

32
10.78975
2
0.72570 1.00000 0.64675 0 0
0.91570 1.20040 0.00000 0 0

16
10.83406
2
0.32440 0.20180 0.89680 0 0
0.67560 0.79820 0.89680 0 0

8
10.88820
2
0.22570 0.50000 0.60325 0 0
0.77430 0.50000 0.39675 0 0

16
10.91742
2
0.22570 0.50000 0.89675 0 0
0.27430 -0.00000 0.35325 0 0

