1
0.00000
0

36
0.00000
1
0.66697 0.10693 0.22823 0 0

18
3.09192
2
0.33363 0.89337 0.56157 0 0
0.55973 0.89337 0.56157 0 0

18
3.10403
2
0.56003 0.89307 0.77177 0 0
0.55973 0.89337 0.56157 0 0

18
3.10422
2
1.00030 0.22670 0.89490 0 0
0.77330 -0.00030 0.89490 0 0

18
3.11213
2
0.99970 0.22640 0.10510 0 0
0.89307 0.33303 0.22823 0 0

36
4.38555
2
0.77360 0.77330 0.10510 0 0
1.00030 0.77360 -0.10510 0 0

18
4.38694
2
0.44027 0.10663 0.43843 0 0
0.55973 -0.10663 0.56157 0 0

36
5.36602
2
0.89337 0.55973 0.43843 0 0
0.44027 0.33363 0.43843 0 0

36
5.53411
2
0.89307 0.33303 0.22823 0 0
1.00030 0.22670 -0.10510 0 0

36
5.73597
2
0.89307 0.33303 0.22823 0 0
1.22670 0.22640 0.10510 0 0

18
6.19605
2
0.56003 0.66697 0.77177 0 0
0.33363 0.89337 0.56157 0 0

18
6.19614
2
0.22640 0.99970 0.89490 0 0
-0.22670 0.99970 0.89490 0 0

18
6.20220
2
0.77360 1.00030 0.10510 0 0
1.00030 0.77360 -0.10510 0 0

36
6.34227
2
0.66697 0.10693 0.22823 0 0
1.00030 0.22670 -0.10510 0 0

18
6.93017
2
0.33363 0.89337 0.56157 0 0
0.33303 0.43997 0.77177 0 0

18
7.20078
2
0.89307 0.33303 0.22823 0 0
1.10693 0.43997 -0.22823 0 0

36
7.21521
2
0.44027 0.10663 0.43843 0 0
0.55973 -0.33363 0.56157 0 0

36
7.33147
2
0.89307 0.33303 0.22823 0 0
1.22640 0.22670 -0.10510 0 0

36
7.33774
2
0.89307 0.56003 0.22823 0 0
1.00030 0.22670 -0.10510 0 0

18
7.47886
2
0.33303 0.89307 0.77177 0 0
0.33303 1.43997 0.77177 0 0

18
7.84138
2
0.43997 0.10693 0.22823 0 0
0.56003 -0.10693 -0.22823 0 0

18
8.09743
2
0.33363 0.44027 0.56157 0 0
0.33303 -0.10693 0.77177 0 0

36
8.09847
2
0.89307 0.33303 0.22823 0 0
1.22670 0.00030 0.10510 0 0

18
8.10886
2
0.22640 0.22670 0.89490 0 0
0.56003 -0.10693 0.77177 0 0

18
8.41649
2
0.66637 0.10663 0.43843 0 0
0.77330 -0.00030 -0.10510 0 0

36
8.53864
2
0.77360 0.77330 0.10510 0 0
1.33303 0.89307 -0.22823 0 0

36
8.54849
2
0.43997 0.10693 0.22823 0 0
1.00030 0.22670 -0.10510 0 0

36
8.65882
2
0.43997 0.33303 0.22823 0 0
0.33303 -0.10693 -0.22823 0 0

36
8.67083
2
0.10663 0.44027 0.56157 0 0
-0.55973 0.33363 0.43843 0 0

18
8.97071
2
0.66637 0.10663 0.43843 0 0
1.00030 0.22670 -0.10510 0 0

36
9.30400
2
0.22670 0.22640 0.10510 0 0
0.56003 -0.10693 -0.22823 0 0

36
9.30400
2
0.99970 0.22640 0.10510 0 0
1.33303 -0.10693 -0.22823 0 0

36
9.30400
2
0.43997 0.33303 0.22823 0 0
0.77330 -0.00030 -0.10510 0 0

36
9.41367
2
0.33303 0.89307 0.77177 0 0
0.10693 1.43997 0.77177 0 0

36
9.42261
2
0.66637 0.10663 0.43843 0 0
0.89337 -0.44027 0.43843 0 0

36
9.69337
2
0.44027 0.10663 0.43843 0 0
0.77330 -0.00030 -0.10510 0 0

36
9.70614
2
0.43997 0.33303 0.22823 0 0
0.56003 -0.10693 -0.22823 0 0

36
9.80430
2
0.77360 1.00030 0.10510 0 0
1.33303 0.89307 -0.22823 0 0

36
9.80819
2
0.43997 0.33303 0.22823 0 0
1.00030 0.22670 -0.10510 0 0

36
9.91415
2
0.77360 0.77330 0.10510 0 0
1.00030 0.22670 -0.10510 0 0

36
9.91879
2
0.33363 0.44027 0.56157 0 0
0.56003 -0.10693 0.77177 0 0

