strain=
1.00000 0.00000 0.00000 
0.00000 1.00000 0.00000 
0.00000 0.00000 1.00000 

Al atom at 0.66697 0.10693 0.22823 mapped onto lattice site at 0.66697 0.10693 0.22823 distance= 0.00000
Al atom at 0.89307 0.56003 0.22823 mapped onto lattice site at 0.89307 0.56003 0.22823 distance= 0.00000
Al atom at 0.43997 0.33303 0.22823 mapped onto lattice site at 0.43997 0.33303 0.22823 distance= 0.00000
Si atom at 0.66637 0.10663 0.43843 mapped onto lattice site at 0.66637 0.10663 0.43843 distance= 0.00000
Si atom at 0.33363 0.44027 0.56157 mapped onto lattice site at 0.33363 0.44027 0.56157 distance= 0.00000
Si atom at 0.89307 0.33303 0.22823 mapped onto lattice site at 0.89307 0.33303 0.22823 distance= 0.00000
Si atom at 0.22640 0.22670 0.89490 mapped onto lattice site at 0.22640 0.22670 0.89490 distance= 0.00000
Si atom at 0.77360 1.00030 0.10510 mapped onto lattice site at 0.77360 1.00030 0.10510 distance= 0.00000
Si atom at 0.44027 0.33363 0.43843 mapped onto lattice site at 0.44027 0.33363 0.43843 distance= 0.00000
Si atom at 0.77360 0.77330 0.10510 mapped onto lattice site at 0.77360 0.77330 0.10510 distance= 0.00000
Si atom at 0.10693 0.43997 0.77177 mapped onto lattice site at 0.10693 0.43997 0.77177 distance= 0.00000
Si atom at 0.77330 0.99970 0.89490 mapped onto lattice site at 0.77330 0.99970 0.89490 distance= 0.00000
Si atom at 0.99970 0.22640 0.10510 mapped onto lattice site at 0.99970 0.22640 0.10510 distance= 0.00000
Si atom at 0.77330 0.77360 0.89490 mapped onto lattice site at 0.77330 0.77360 0.89490 distance= 0.00000
Si atom at 0.43997 0.10693 0.22823 mapped onto lattice site at 0.43997 0.10693 0.22823 distance= 0.00000
Si atom at 0.22670 0.22640 0.10510 mapped onto lattice site at 0.22670 0.22640 0.10510 distance= 0.00000
Al atom at 0.66697 0.56003 0.22823 mapped onto lattice site at 0.66697 0.56003 0.22823 distance= 0.00000
Si atom at 0.33303 0.43997 0.77177 mapped onto lattice site at 0.33303 0.43997 0.77177 distance= 0.00000
Si atom at 0.99970 0.77330 0.10510 mapped onto lattice site at 0.99970 0.77330 0.10510 distance= 0.00000
Si atom at 1.00030 0.22670 0.89490 mapped onto lattice site at 1.00030 0.22670 0.89490 distance= 0.00000
Si atom at 0.33303 0.89307 0.77177 mapped onto lattice site at 0.33303 0.89307 0.77177 distance= 0.00000
Si atom at 0.22640 0.99970 0.89490 mapped onto lattice site at 0.22640 0.99970 0.89490 distance= 0.00000
Si atom at 0.55973 0.66637 0.56157 mapped onto lattice site at 0.55973 0.66637 0.56157 distance= 0.00000
Si atom at 0.66637 0.55973 0.43843 mapped onto lattice site at 0.66637 0.55973 0.43843 distance= 0.00000
Si atom at 0.10693 0.66697 0.77177 mapped onto lattice site at 0.10693 0.66697 0.77177 distance= 0.00000
Si atom at 0.44027 0.10663 0.43843 mapped onto lattice site at 0.44027 0.10663 0.43843 distance= 0.00000
Si atom at 0.10663 0.66637 0.56157 mapped onto lattice site at 0.10663 0.66637 0.56157 distance= 0.00000
Si atom at 0.10663 0.44027 0.56157 mapped onto lattice site at 0.10663 0.44027 0.56157 distance= 0.00000
Si atom at 0.22670 1.00030 0.10510 mapped onto lattice site at 0.22670 1.00030 0.10510 distance= 0.00000
Si atom at 0.89337 0.33363 0.43843 mapped onto lattice site at 0.89337 0.33363 0.43843 distance= 0.00000
Si atom at 0.56003 0.66697 0.77177 mapped onto lattice site at 0.56003 0.66697 0.77177 distance= 0.00000
Si atom at 0.89337 0.55973 0.43843 mapped onto lattice site at 0.89337 0.55973 0.43843 distance= 0.00000
Si atom at 0.56003 0.89307 0.77177 mapped onto lattice site at 0.56003 0.89307 0.77177 distance= 0.00000
Si atom at 0.33363 0.89337 0.56157 mapped onto lattice site at 0.33363 0.89337 0.56157 distance= 0.00000
Si atom at 0.55973 0.89337 0.56157 mapped onto lattice site at 0.55973 0.89337 0.56157 distance= 0.00000
Si atom at 1.00030 0.77360 0.89490 mapped onto lattice site at 1.00030 0.77360 0.89490 distance= 0.00000
O atom ignored at 0.56867 0.13733 0.45603
O atom ignored at 0.23533 0.47067 0.78937
O atom ignored at 0.09800 0.90200 0.87730
O atom ignored at 0.76467 0.23533 0.21063
O atom ignored at 0.43133 0.56867 0.54397
O atom ignored at 0.09800 0.19600 0.87730
O atom ignored at 0.90200 0.80400 0.12270
O atom ignored at 0.43133 0.86267 0.54397
O atom ignored at 0.80400 0.90200 0.87730
O atom ignored at 0.47067 0.23533 0.21063
O atom ignored at 0.13733 0.56867 0.54397
O atom ignored at 0.19600 0.09800 0.12270
O atom ignored at 0.86267 0.43133 0.45603
O atom ignored at 0.52933 0.76467 0.78937
O atom ignored at 0.23533 0.76467 0.78937
O atom ignored at 0.56867 0.43133 0.45603
O atom ignored at 0.76467 0.52933 0.21063
O atom ignored at 0.90200 0.09800 0.12270
O atom ignored at 0.64337 0.99993 0.50003
O atom ignored at 0.31003 0.33327 0.83337
O atom ignored at 0.02330 0.68990 0.83330
O atom ignored at 0.68997 0.02323 0.16663
O atom ignored at 0.35663 0.35657 0.49997
O atom ignored at 0.02330 0.33340 0.83330
O atom ignored at 0.68997 0.66673 0.16663
O atom ignored at 0.35663 1.00007 0.49997
O atom ignored at 0.31010 0.33340 0.83330
O atom ignored at 0.97677 0.66673 0.16663
O atom ignored at 0.64343 1.00007 0.49997
O atom ignored at 0.68990 0.66660 0.16670
O atom ignored at 0.35657 0.99993 0.50003
O atom ignored at 0.02323 0.33327 0.83337
O atom ignored at 0.66660 0.97670 0.83330
O atom ignored at 0.33327 0.31003 0.16663
O atom ignored at 0.99993 0.64337 0.49997
O atom ignored at 0.66660 0.68990 0.83330
O atom ignored at 0.33327 0.02323 0.16663
O atom ignored at 0.99993 0.35657 0.49997
O atom ignored at 0.33340 0.02330 0.16670
O atom ignored at 1.00007 0.35663 0.50003
O atom ignored at 0.66673 0.68997 0.83337
O atom ignored at 0.33340 0.31010 0.16670
O atom ignored at 1.00007 0.64343 0.50003
O atom ignored at 0.66673 0.97677 0.83337
O atom ignored at 0.64337 0.64343 0.50003
O atom ignored at 0.97670 0.31010 0.16670
O atom ignored at 0.97670 0.66660 0.16670
O atom ignored at 0.31003 0.97677 0.83337
O atom ignored at 0.78697 0.21313 0.46483
O atom ignored at 0.45363 0.54647 0.79817
O atom ignored at 0.87970 0.75950 0.86850
O atom ignored at 0.54637 0.09283 0.20183
O atom ignored at 0.21303 0.42617 0.53517
O atom ignored at 0.87970 0.12020 0.86850
O atom ignored at 0.54637 0.45353 0.20183
O atom ignored at 0.21303 0.78687 0.53517
O atom ignored at 0.24050 0.12030 0.86850
O atom ignored at 0.90717 0.45363 0.20183
O atom ignored at 0.57383 0.78697 0.53517
O atom ignored at 0.75950 0.87970 0.13150
O atom ignored at 0.42617 0.21303 0.46483
O atom ignored at 0.09283 0.54637 0.79817
O atom ignored at 0.78697 0.57383 0.46483
O atom ignored at 0.12030 0.24050 0.13150
O atom ignored at 0.45363 0.90717 0.79817
O atom ignored at 0.12030 0.87980 0.13150
O atom ignored at 0.66667 0.07563 0.33333
O atom ignored at 0.33333 0.40897 0.66667
O atom ignored at 0.25770 1.00000 1.00000
O atom ignored at 0.92437 0.33333 0.33333
O atom ignored at 0.59103 0.66667 0.66667
O atom ignored at 0.25770 0.25770 1.00000
O atom ignored at 0.92437 0.59103 0.33333
O atom ignored at 0.59103 0.92437 0.66667
O atom ignored at 0.74230 1.00000 1.00000
O atom ignored at 0.40897 0.33333 0.33333
O atom ignored at 0.07563 0.66667 0.66667
O atom ignored at 0.74230 0.74230 1.00000
O atom ignored at 0.40897 0.07563 0.33333
O atom ignored at 0.07563 0.40897 0.66667
O atom ignored at 1.00000 0.25770 1.00000
O atom ignored at 1.00000 0.74230 1.00000
O atom ignored at 0.25770 1.00000 1.00000
O atom ignored at 0.74230 1.00000 1.00000
O atom ignored at 1.00000 0.25770 1.00000
O atom ignored at 1.00000 0.74230 1.00000
O atom ignored at 0.25770 1.00000 1.00000
O atom ignored at 0.25770 0.25770 1.00000
O atom ignored at 0.74230 1.00000 1.00000
O atom ignored at 0.74230 0.74230 1.00000
O atom ignored at 1.00000 0.25770 1.00000
O atom ignored at 1.00000 0.74230 1.00000
O atom ignored at 0.25770 1.00000 1.00000
O atom ignored at 0.74230 1.00000 1.00000
O atom ignored at 0.33333 0.92437 0.66667
O atom ignored at 0.66667 0.59103 0.33333
O atom ignored at 1.00000 0.25770 1.00000
O atom ignored at 1.00000 0.74230 1.00000
