1
0.00000
0

1
0.00000
1
1.00000 1.00000 1.00000 0 0

2
5.00000
2
1.00000 1.00000 1.00000 0 0
-0.00000 1.00000 1.00000 0 0

2
7.07107
2
1.00000 1.00000 1.00000 0 0
0.00000 0.00000 1.00000 0 0

2
10.00000
2
1.00000 1.00000 1.00000 0 0
1.00000 -1.00000 1.00000 0 0

4
7.07107
3
1.00000 1.00000 1.00000 0 0
1.00000 0.00000 1.00000 0 0
0.00000 0.00000 1.00000 0 0

2
10.00000
3
1.00000 1.00000 1.00000 0 0
1.00000 0.00000 1.00000 0 0
1.00000 -1.00000 1.00000 0 0

4
10.00000
3
1.00000 1.00000 1.00000 0 0
0.00000 0.00000 1.00000 0 0
1.00000 -1.00000 1.00000 0 0

